
*** Running vivado
    with args -log sev_seg_top.vds -m64 -product Vivado -mode batch -messageDb vivado.pb -notrace -source sev_seg_top.tcl


****** Vivado v2019.1 (64-bit)
  **** SW Build 2552052 on Fri May 24 14:47:09 MDT 2019
  **** IP Build 2548770 on Fri May 24 18:01:18 MDT 2019
    ** Copyright 1986-2019 Xilinx, Inc. All Rights Reserved.

source sev_seg_top.tcl -notrace
Command: synth_design -top sev_seg_top -part xc7a100tcsg324-1
Starting synth_design
Attempting to get a license for feature 'Synthesis' and/or device 'xc7a100t'
INFO: [Common 17-349] Got license for feature 'Synthesis' and/or device 'xc7a100t'
INFO: [Device 21-403] Loading part xc7a100tcsg324-1
INFO: Launching helper process for spawning children vivado processes
INFO: Helper process launched with PID 349450 
---------------------------------------------------------------------------------
Starting RTL Elaboration : Time (s): cpu = 00:00:03 ; elapsed = 00:00:03 . Memory (MB): peak = 1777.734 ; gain = 155.688 ; free physical = 5107 ; free virtual = 11726
---------------------------------------------------------------------------------
INFO: [Synth 8-6157] synthesizing module 'sev_seg_top' [/home/it/Desktop/Chapter2/Lab3/project_9/project_9.srcs/sources_1/imports/src/sev_seg.sv:1]
INFO: [Synth 8-6157] synthesizing module 'Design_Register' [/home/it/Desktop/Chapter2/Lab3/project_9/project_9.srcs/sources_1/new/Design_Register.sv:23]
INFO: [Synth 8-6157] synthesizing module 'DFlip_Flop' [/home/it/Desktop/Chapter2/Lab3/project_9/project_9.srcs/sources_1/imports/new/D Flip_Flop.sv:23]
INFO: [Synth 8-6157] synthesizing module 'Dlatch' [/home/it/Desktop/Chapter2/Lab3/project_9/project_9.srcs/sources_1/imports/new/Dlatch.sv:23]
INFO: [Synth 8-6155] done synthesizing module 'Dlatch' (1#1) [/home/it/Desktop/Chapter2/Lab3/project_9/project_9.srcs/sources_1/imports/new/Dlatch.sv:23]
INFO: [Synth 8-6155] done synthesizing module 'DFlip_Flop' (2#1) [/home/it/Desktop/Chapter2/Lab3/project_9/project_9.srcs/sources_1/imports/new/D Flip_Flop.sv:23]
WARNING: [Synth 8-7023] instance 'FF0' of module 'DFlip_Flop' has 5 connections declared, but only 4 given [/home/it/Desktop/Chapter2/Lab3/project_9/project_9.srcs/sources_1/new/Design_Register.sv:41]
WARNING: [Synth 8-7023] instance 'FF1' of module 'DFlip_Flop' has 5 connections declared, but only 4 given [/home/it/Desktop/Chapter2/Lab3/project_9/project_9.srcs/sources_1/new/Design_Register.sv:42]
WARNING: [Synth 8-7023] instance 'FF2' of module 'DFlip_Flop' has 5 connections declared, but only 4 given [/home/it/Desktop/Chapter2/Lab3/project_9/project_9.srcs/sources_1/new/Design_Register.sv:43]
WARNING: [Synth 8-7023] instance 'FF3' of module 'DFlip_Flop' has 5 connections declared, but only 4 given [/home/it/Desktop/Chapter2/Lab3/project_9/project_9.srcs/sources_1/new/Design_Register.sv:44]
INFO: [Synth 8-6155] done synthesizing module 'Design_Register' (3#1) [/home/it/Desktop/Chapter2/Lab3/project_9/project_9.srcs/sources_1/new/Design_Register.sv:23]
INFO: [Synth 8-6157] synthesizing module 'Desgin_Register2' [/home/it/Desktop/Chapter2/Lab3/project_9/project_9.srcs/sources_1/new/Desgin_Register2.sv:23]
WARNING: [Synth 8-7023] instance 'FF0' of module 'DFlip_Flop' has 5 connections declared, but only 4 given [/home/it/Desktop/Chapter2/Lab3/project_9/project_9.srcs/sources_1/new/Desgin_Register2.sv:46]
WARNING: [Synth 8-7023] instance 'FF1' of module 'DFlip_Flop' has 5 connections declared, but only 4 given [/home/it/Desktop/Chapter2/Lab3/project_9/project_9.srcs/sources_1/new/Desgin_Register2.sv:47]
WARNING: [Synth 8-7023] instance 'FF2' of module 'DFlip_Flop' has 5 connections declared, but only 4 given [/home/it/Desktop/Chapter2/Lab3/project_9/project_9.srcs/sources_1/new/Desgin_Register2.sv:48]
WARNING: [Synth 8-7023] instance 'FF3' of module 'DFlip_Flop' has 5 connections declared, but only 4 given [/home/it/Desktop/Chapter2/Lab3/project_9/project_9.srcs/sources_1/new/Desgin_Register2.sv:49]
INFO: [Synth 8-6155] done synthesizing module 'Desgin_Register2' (4#1) [/home/it/Desktop/Chapter2/Lab3/project_9/project_9.srcs/sources_1/new/Desgin_Register2.sv:23]
INFO: [Synth 8-6157] synthesizing module 'sev_seg_controller' [/home/it/Desktop/Chapter2/Lab3/project_9/project_9.srcs/sources_1/imports/src/sev_seg_controller.sv:2]
	Parameter display_speed bound to: 20 - type: integer 
INFO: [Synth 8-6157] synthesizing module 'seven_seg_decoder' [/home/it/Desktop/Chapter2/Lab3/project_9/project_9.srcs/sources_1/imports/src/sev_seg_decoder.sv:1]
INFO: [Synth 8-6155] done synthesizing module 'seven_seg_decoder' (5#1) [/home/it/Desktop/Chapter2/Lab3/project_9/project_9.srcs/sources_1/imports/src/sev_seg_decoder.sv:1]
INFO: [Synth 8-6157] synthesizing module 'decoder' [/home/it/Desktop/Chapter2/Lab3/project_9/project_9.srcs/sources_1/imports/src/decoder.sv:1]
	Parameter n bound to: 3 - type: integer 
INFO: [Synth 8-6155] done synthesizing module 'decoder' (6#1) [/home/it/Desktop/Chapter2/Lab3/project_9/project_9.srcs/sources_1/imports/src/decoder.sv:1]
INFO: [Synth 8-6157] synthesizing module 'counter_n_bit' [/home/it/Desktop/Chapter2/Lab3/project_9/project_9.srcs/sources_1/imports/src/counter_n_bit.sv:1]
	Parameter n bound to: 20 - type: integer 
INFO: [Synth 8-6155] done synthesizing module 'counter_n_bit' (7#1) [/home/it/Desktop/Chapter2/Lab3/project_9/project_9.srcs/sources_1/imports/src/counter_n_bit.sv:1]
INFO: [Synth 8-6155] done synthesizing module 'sev_seg_controller' (8#1) [/home/it/Desktop/Chapter2/Lab3/project_9/project_9.srcs/sources_1/imports/src/sev_seg_controller.sv:2]
INFO: [Synth 8-6155] done synthesizing module 'sev_seg_top' (9#1) [/home/it/Desktop/Chapter2/Lab3/project_9/project_9.srcs/sources_1/imports/src/sev_seg.sv:1]
WARNING: [Synth 8-3917] design sev_seg_top has port DP driven by constant 1
WARNING: [Synth 8-3331] design Desgin_Register2 has unconnected port CLK100MHZ
WARNING: [Synth 8-3331] design Design_Register has unconnected port CLK100MHZ
---------------------------------------------------------------------------------
Finished RTL Elaboration : Time (s): cpu = 00:00:04 ; elapsed = 00:00:04 . Memory (MB): peak = 1830.484 ; gain = 208.438 ; free physical = 5056 ; free virtual = 11674
---------------------------------------------------------------------------------

Report Check Netlist: 
+------+------------------+-------+---------+-------+------------------+
|      |Item              |Errors |Warnings |Status |Description       |
+------+------------------+-------+---------+-------+------------------+
|1     |multi_driven_nets |      0|        0|Passed |Multi driven nets |
+------+------------------+-------+---------+-------+------------------+
---------------------------------------------------------------------------------
Start Handling Custom Attributes
---------------------------------------------------------------------------------
---------------------------------------------------------------------------------
Finished Handling Custom Attributes : Time (s): cpu = 00:00:04 ; elapsed = 00:00:05 . Memory (MB): peak = 1836.422 ; gain = 214.375 ; free physical = 5062 ; free virtual = 11679
---------------------------------------------------------------------------------
---------------------------------------------------------------------------------
Finished RTL Optimization Phase 1 : Time (s): cpu = 00:00:04 ; elapsed = 00:00:05 . Memory (MB): peak = 1836.422 ; gain = 214.375 ; free physical = 5062 ; free virtual = 11679
---------------------------------------------------------------------------------
INFO: [Project 1-570] Preparing netlist for logic optimization

Processing XDC Constraints
Initializing timing engine
Parsing XDC File [/home/it/Desktop/Chapter2/Lab3/task1/src/pin-assignment.xdc]
WARNING: [Vivado 12-507] No nets matched 'BTNC_IBUF'. [/home/it/Desktop/Chapter2/Lab3/task1/src/pin-assignment.xdc:78]
CRITICAL WARNING: [Common 17-55] 'set_property' expects at least one object. [/home/it/Desktop/Chapter2/Lab3/task1/src/pin-assignment.xdc:78]
Resolution: If [get_<value>] was used to populate the object, check to make sure this command returns at least one valid object.
Finished Parsing XDC File [/home/it/Desktop/Chapter2/Lab3/task1/src/pin-assignment.xdc]
INFO: [Project 1-236] Implementation specific constraints were found while reading constraint file [/home/it/Desktop/Chapter2/Lab3/task1/src/pin-assignment.xdc]. These constraints will be ignored for synthesis but will be used in implementation. Impacted constraints are listed in the file [.Xil/sev_seg_top_propImpl.xdc].
Resolution: To avoid this warning, move constraints listed in [.Xil/sev_seg_top_propImpl.xdc] to another XDC file and exclude this new file from synthesis with the used_in_synthesis property (File Properties dialog in GUI) and re-run elaboration/synthesis.
Completed Processing XDC Constraints

Netlist sorting complete. Time (s): cpu = 00:00:00 ; elapsed = 00:00:00 . Memory (MB): peak = 2014.109 ; gain = 0.000 ; free physical = 5059 ; free virtual = 11679
INFO: [Project 1-111] Unisim Transformation Summary:
No Unisim elements were transformed.

Constraint Validation Runtime : Time (s): cpu = 00:00:00 ; elapsed = 00:00:00 . Memory (MB): peak = 2014.109 ; gain = 0.000 ; free physical = 5059 ; free virtual = 11679
---------------------------------------------------------------------------------
Finished Constraint Validation : Time (s): cpu = 00:00:08 ; elapsed = 00:00:10 . Memory (MB): peak = 2014.109 ; gain = 392.062 ; free physical = 5173 ; free virtual = 11791
---------------------------------------------------------------------------------
---------------------------------------------------------------------------------
Start Loading Part and Timing Information
---------------------------------------------------------------------------------
Loading part: xc7a100tcsg324-1
---------------------------------------------------------------------------------
Finished Loading Part and Timing Information : Time (s): cpu = 00:00:08 ; elapsed = 00:00:10 . Memory (MB): peak = 2014.109 ; gain = 392.062 ; free physical = 5173 ; free virtual = 11791
---------------------------------------------------------------------------------
---------------------------------------------------------------------------------
Start Applying 'set_property' XDC Constraints
---------------------------------------------------------------------------------
---------------------------------------------------------------------------------
Finished applying 'set_property' XDC Constraints : Time (s): cpu = 00:00:08 ; elapsed = 00:00:10 . Memory (MB): peak = 2014.109 ; gain = 392.062 ; free physical = 5175 ; free virtual = 11793
---------------------------------------------------------------------------------
---------------------------------------------------------------------------------
Finished RTL Optimization Phase 2 : Time (s): cpu = 00:00:09 ; elapsed = 00:00:11 . Memory (MB): peak = 2014.109 ; gain = 392.062 ; free physical = 5178 ; free virtual = 11795
---------------------------------------------------------------------------------

Report RTL Partitions: 
+-+--------------+------------+----------+
| |RTL Partition |Replication |Instances |
+-+--------------+------------+----------+
+-+--------------+------------+----------+
---------------------------------------------------------------------------------
Start RTL Component Statistics 
---------------------------------------------------------------------------------
Detailed RTL Component Info : 
+---Muxes : 
	   2 Input      1 Bit        Muxes := 1     
---------------------------------------------------------------------------------
Finished RTL Component Statistics 
---------------------------------------------------------------------------------
---------------------------------------------------------------------------------
Start RTL Hierarchical Component Statistics 
---------------------------------------------------------------------------------
Hierarchical RTL Component report 
Module counter_n_bit 
Detailed RTL Component Info : 
+---Muxes : 
	   2 Input      1 Bit        Muxes := 1     
---------------------------------------------------------------------------------
Finished RTL Hierarchical Component Statistics
---------------------------------------------------------------------------------
---------------------------------------------------------------------------------
Start Part Resource Summary
---------------------------------------------------------------------------------
Part Resources:
DSPs: 240 (col length:80)
BRAMs: 270 (col length: RAMB18 80 RAMB36 40)
---------------------------------------------------------------------------------
Finished Part Resource Summary
---------------------------------------------------------------------------------
---------------------------------------------------------------------------------
Start Cross Boundary and Area Optimization
---------------------------------------------------------------------------------
Warning: Parallel synthesis criteria is not met 
WARNING: [Synth 8-3917] design sev_seg_top has port DP driven by constant 1
---------------------------------------------------------------------------------
Finished Cross Boundary and Area Optimization : Time (s): cpu = 00:00:09 ; elapsed = 00:00:11 . Memory (MB): peak = 2014.109 ; gain = 392.062 ; free physical = 5177 ; free virtual = 11797
---------------------------------------------------------------------------------

Report RTL Partitions: 
+-+--------------+------------+----------+
| |RTL Partition |Replication |Instances |
+-+--------------+------------+----------+
+-+--------------+------------+----------+
---------------------------------------------------------------------------------
Start Applying XDC Timing Constraints
---------------------------------------------------------------------------------
---------------------------------------------------------------------------------
Finished Applying XDC Timing Constraints : Time (s): cpu = 00:00:14 ; elapsed = 00:00:16 . Memory (MB): peak = 2014.109 ; gain = 392.062 ; free physical = 5089 ; free virtual = 11709
---------------------------------------------------------------------------------
---------------------------------------------------------------------------------
Start Timing Optimization
---------------------------------------------------------------------------------
---------------------------------------------------------------------------------
Finished Timing Optimization : Time (s): cpu = 00:00:14 ; elapsed = 00:00:16 . Memory (MB): peak = 2014.109 ; gain = 392.062 ; free physical = 5073 ; free virtual = 11694
---------------------------------------------------------------------------------

Report RTL Partitions: 
+-+--------------+------------+----------+
| |RTL Partition |Replication |Instances |
+-+--------------+------------+----------+
+-+--------------+------------+----------+
---------------------------------------------------------------------------------
Start Technology Mapping
---------------------------------------------------------------------------------
Found timing loop:
     0: i_65/O (LUT2)
     1: i_65/I0 (LUT2)
     2: i_0/O (LUT3)
     3: i_0/I0 (LUT3)
     4: i_65/O (LUT2)
CRITICAL WARNING: [Synth 8-295] found timing loop. [/home/it/Desktop/Chapter2/Lab3/project_9/project_9.srcs/sources_1/imports/src/sev_seg.sv:1]
Inferred a: "set_disable_timing -from I0 -to O i_65"
Found timing loop:
     0: i_57/O (LUT2)
     1: i_57/I0 (LUT2)
     2: i_2/O (LUT3)
     3: i_2/I0 (LUT3)
     4: i_57/O (LUT2)
CRITICAL WARNING: [Synth 8-295] found timing loop. [/home/it/Desktop/Chapter2/Lab3/project_9/project_9.srcs/sources_1/imports/src/sev_seg.sv:1]
Inferred a: "set_disable_timing -from I0 -to O i_57"
Found timing loop:
     0: i_68/O (LUT2)
     1: i_68/I0 (LUT2)
     2: i_35/O (LUT3)
     3: i_35/I0 (LUT3)
     4: i_68/O (LUT2)
CRITICAL WARNING: [Synth 8-295] found timing loop. [/home/it/Desktop/Chapter2/Lab3/project_9/project_9.srcs/sources_1/imports/src/sev_seg.sv:1]
Inferred a: "set_disable_timing -from I0 -to O i_68"
Found timing loop:
     0: i_67/O (LUT2)
     1: i_67/I0 (LUT2)
     2: i_33/O (LUT3)
     3: i_33/I0 (LUT3)
     4: i_67/O (LUT2)
CRITICAL WARNING: [Synth 8-295] found timing loop. [/home/it/Desktop/Chapter2/Lab3/project_9/project_9.srcs/sources_1/imports/src/sev_seg.sv:1]
Inferred a: "set_disable_timing -from I0 -to O i_67"
Found timing loop:
     0: i_66/O (LUT2)
     1: i_66/I0 (LUT2)
     2: i_31/O (LUT3)
     3: i_31/I0 (LUT3)
     4: i_66/O (LUT2)
CRITICAL WARNING: [Synth 8-295] found timing loop. [/home/it/Desktop/Chapter2/Lab3/project_9/project_9.srcs/sources_1/imports/src/sev_seg.sv:1]
Inferred a: "set_disable_timing -from I0 -to O i_66"
Found timing loop:
     0: i_60/O (LUT2)
     1: i_60/I1 (LUT2)
     2: i_55/O (LUT4)
     3: i_55/I1 (LUT4)
     4: i_60/O (LUT2)
CRITICAL WARNING: [Synth 8-295] found timing loop. [/home/it/Desktop/Chapter2/Lab3/project_9/project_9.srcs/sources_1/imports/src/sev_seg.sv:1]
Inferred a: "set_disable_timing -from I1 -to O i_60"
Found timing loop:
     0: i_59/O (LUT2)
     1: i_59/I0 (LUT2)
     2: i_32/O (LUT3)
     3: i_32/I0 (LUT3)
     4: i_59/O (LUT2)
CRITICAL WARNING: [Synth 8-295] found timing loop. [/home/it/Desktop/Chapter2/Lab3/project_9/project_9.srcs/sources_1/imports/src/sev_seg.sv:1]
Inferred a: "set_disable_timing -from I0 -to O i_59"
Found timing loop:
     0: i_60/O (LUT2)
     1: i_60/I0 (LUT2)
     2: i_27/O (LUT5)
     3: i_27/I1 (LUT5)
     4: i_60/O (LUT2)
CRITICAL WARNING: [Synth 8-295] found timing loop. [/home/it/Desktop/Chapter2/Lab3/project_9/project_9.srcs/sources_1/imports/src/sev_seg.sv:1]
Inferred a: "set_disable_timing -from I0 -to O i_60"
Found timing loop:
     0: i_70/O (LUT2)
     1: i_70/I1 (LUT2)
     2: i_50/O (LUT2)
     3: i_50/I0 (LUT2)
     4: i_70/O (LUT2)
CRITICAL WARNING: [Synth 8-295] found timing loop. [/home/it/Desktop/Chapter2/Lab3/project_9/project_9.srcs/sources_1/imports/src/sev_seg.sv:1]
Inferred a: "set_disable_timing -from I1 -to O i_70"
Found timing loop:
     0: i_62/O (LUT2)
     1: i_62/I1 (LUT2)
     2: i_54/O (LUT4)
     3: i_54/I1 (LUT4)
     4: i_62/O (LUT2)
CRITICAL WARNING: [Synth 8-295] found timing loop. [/home/it/Desktop/Chapter2/Lab3/project_9/project_9.srcs/sources_1/imports/src/sev_seg.sv:1]
Inferred a: "set_disable_timing -from I1 -to O i_62"
Found timing loop:
     0: i_61/O (LUT2)
     1: i_61/I0 (LUT2)
     2: i_34/O (LUT3)
     3: i_34/I0 (LUT3)
     4: i_61/O (LUT2)
CRITICAL WARNING: [Synth 8-295] found timing loop. [/home/it/Desktop/Chapter2/Lab3/project_9/project_9.srcs/sources_1/imports/src/sev_seg.sv:1]
Inferred a: "set_disable_timing -from I0 -to O i_61"
Found timing loop:
     0: i_62/O (LUT2)
     1: i_62/I0 (LUT2)
     2: i_25/O (LUT5)
     3: i_25/I1 (LUT5)
     4: i_62/O (LUT2)
CRITICAL WARNING: [Synth 8-295] found timing loop. [/home/it/Desktop/Chapter2/Lab3/project_9/project_9.srcs/sources_1/imports/src/sev_seg.sv:1]
Inferred a: "set_disable_timing -from I0 -to O i_62"
Found timing loop:
     0: i_71/O (LUT2)
     1: i_71/I1 (LUT2)
     2: i_51/O (LUT2)
     3: i_51/I0 (LUT2)
     4: i_71/O (LUT2)
CRITICAL WARNING: [Synth 8-295] found timing loop. [/home/it/Desktop/Chapter2/Lab3/project_9/project_9.srcs/sources_1/imports/src/sev_seg.sv:1]
Inferred a: "set_disable_timing -from I1 -to O i_71"
Found timing loop:
     0: i_69/O (LUT2)
     1: i_69/I1 (LUT2)
     2: i_49/O (LUT2)
     3: i_49/I0 (LUT2)
     4: i_69/O (LUT2)
CRITICAL WARNING: [Synth 8-295] found timing loop. [/home/it/Desktop/Chapter2/Lab3/project_9/project_9.srcs/sources_1/imports/src/sev_seg.sv:1]
Inferred a: "set_disable_timing -from I1 -to O i_69"
Found timing loop:
     0: i_58/O (LUT2)
     1: i_58/I1 (LUT2)
     2: i_56/O (LUT4)
     3: i_56/I1 (LUT4)
     4: i_58/O (LUT2)
CRITICAL WARNING: [Synth 8-295] found timing loop. [/home/it/Desktop/Chapter2/Lab3/project_9/project_9.srcs/sources_1/imports/src/sev_seg.sv:1]
Inferred a: "set_disable_timing -from I1 -to O i_58"
Found timing loop:
     0: i_58/O (LUT2)
     1: i_58/I0 (LUT2)
     2: i_30/O (LUT5)
     3: i_30/I1 (LUT5)
     4: i_58/O (LUT2)
CRITICAL WARNING: [Synth 8-295] found timing loop. [/home/it/Desktop/Chapter2/Lab3/project_9/project_9.srcs/sources_1/imports/src/sev_seg.sv:1]
Inferred a: "set_disable_timing -from I0 -to O i_58"
Found timing loop:
     0: i_64/O (LUT2)
     1: i_64/I1 (LUT2)
     2: i_53/O (LUT4)
     3: i_53/I1 (LUT4)
     4: i_64/O (LUT2)
CRITICAL WARNING: [Synth 8-295] found timing loop. [/home/it/Desktop/Chapter2/Lab3/project_9/project_9.srcs/sources_1/imports/src/sev_seg.sv:1]
Inferred a: "set_disable_timing -from I1 -to O i_64"
Found timing loop:
     0: i_63/O (LUT2)
     1: i_63/I0 (LUT2)
     2: i_36/O (LUT3)
     3: i_36/I0 (LUT3)
     4: i_63/O (LUT2)
CRITICAL WARNING: [Synth 8-295] found timing loop. [/home/it/Desktop/Chapter2/Lab3/project_9/project_9.srcs/sources_1/imports/src/sev_seg.sv:1]
Inferred a: "set_disable_timing -from I0 -to O i_63"
Found timing loop:
     0: i_64/O (LUT2)
     1: i_64/I0 (LUT2)
     2: i_23/O (LUT5)
     3: i_23/I1 (LUT5)
     4: i_64/O (LUT2)
CRITICAL WARNING: [Synth 8-295] found timing loop. [/home/it/Desktop/Chapter2/Lab3/project_9/project_9.srcs/sources_1/imports/src/sev_seg.sv:1]
Inferred a: "set_disable_timing -from I0 -to O i_64"
Found timing loop:
     0: i_72/O (LUT2)
     1: i_72/I1 (LUT2)
     2: i_52/O (LUT2)
     3: i_52/I0 (LUT2)
     4: i_72/O (LUT2)
CRITICAL WARNING: [Synth 8-295] found timing loop. [/home/it/Desktop/Chapter2/Lab3/project_9/project_9.srcs/sources_1/imports/src/sev_seg.sv:1]
Inferred a: "set_disable_timing -from I1 -to O i_72"
---------------------------------------------------------------------------------
Finished Technology Mapping : Time (s): cpu = 00:00:14 ; elapsed = 00:00:16 . Memory (MB): peak = 2014.109 ; gain = 392.062 ; free physical = 5074 ; free virtual = 11694
---------------------------------------------------------------------------------

Report RTL Partitions: 
+-+--------------+------------+----------+
| |RTL Partition |Replication |Instances |
+-+--------------+------------+----------+
+-+--------------+------------+----------+
---------------------------------------------------------------------------------
Start IO Insertion
---------------------------------------------------------------------------------
---------------------------------------------------------------------------------
Start Flattening Before IO Insertion
---------------------------------------------------------------------------------
---------------------------------------------------------------------------------
Finished Flattening Before IO Insertion
---------------------------------------------------------------------------------
---------------------------------------------------------------------------------
Start Final Netlist Cleanup
---------------------------------------------------------------------------------
---------------------------------------------------------------------------------
Finished Final Netlist Cleanup
---------------------------------------------------------------------------------
---------------------------------------------------------------------------------
Finished IO Insertion : Time (s): cpu = 00:00:15 ; elapsed = 00:00:17 . Memory (MB): peak = 2014.109 ; gain = 392.062 ; free physical = 5069 ; free virtual = 11691
---------------------------------------------------------------------------------

Report Check Netlist: 
+------+------------------+-------+---------+-------+------------------+
|      |Item              |Errors |Warnings |Status |Description       |
+------+------------------+-------+---------+-------+------------------+
|1     |multi_driven_nets |      0|        0|Passed |Multi driven nets |
+------+------------------+-------+---------+-------+------------------+
---------------------------------------------------------------------------------
Start Renaming Generated Instances
---------------------------------------------------------------------------------
---------------------------------------------------------------------------------
Finished Renaming Generated Instances : Time (s): cpu = 00:00:15 ; elapsed = 00:00:17 . Memory (MB): peak = 2014.109 ; gain = 392.062 ; free physical = 5069 ; free virtual = 11691
---------------------------------------------------------------------------------

Report RTL Partitions: 
+-+--------------+------------+----------+
| |RTL Partition |Replication |Instances |
+-+--------------+------------+----------+
+-+--------------+------------+----------+
---------------------------------------------------------------------------------
Start Rebuilding User Hierarchy
---------------------------------------------------------------------------------
---------------------------------------------------------------------------------
Finished Rebuilding User Hierarchy : Time (s): cpu = 00:00:15 ; elapsed = 00:00:17 . Memory (MB): peak = 2014.109 ; gain = 392.062 ; free physical = 5069 ; free virtual = 11691
---------------------------------------------------------------------------------
---------------------------------------------------------------------------------
Start Renaming Generated Ports
---------------------------------------------------------------------------------
---------------------------------------------------------------------------------
Finished Renaming Generated Ports : Time (s): cpu = 00:00:15 ; elapsed = 00:00:17 . Memory (MB): peak = 2014.109 ; gain = 392.062 ; free physical = 5069 ; free virtual = 11691
---------------------------------------------------------------------------------
---------------------------------------------------------------------------------
Start Handling Custom Attributes
---------------------------------------------------------------------------------
---------------------------------------------------------------------------------
Finished Handling Custom Attributes : Time (s): cpu = 00:00:15 ; elapsed = 00:00:17 . Memory (MB): peak = 2014.109 ; gain = 392.062 ; free physical = 5069 ; free virtual = 11691
---------------------------------------------------------------------------------
---------------------------------------------------------------------------------
Start Renaming Generated Nets
---------------------------------------------------------------------------------
---------------------------------------------------------------------------------
Finished Renaming Generated Nets : Time (s): cpu = 00:00:15 ; elapsed = 00:00:17 . Memory (MB): peak = 2014.109 ; gain = 392.062 ; free physical = 5069 ; free virtual = 11691
---------------------------------------------------------------------------------
---------------------------------------------------------------------------------
Start Writing Synthesis Report
---------------------------------------------------------------------------------

Report BlackBoxes: 
+-+--------------+----------+
| |BlackBox name |Instances |
+-+--------------+----------+
+-+--------------+----------+

Report Cell Usage: 
+------+-------+------+
|      |Cell   |Count |
+------+-------+------+
|1     |BUFG   |     1|
|2     |CARRY4 |     5|
|3     |LUT1   |     2|
|4     |LUT2   |     1|
|5     |LUT3   |     8|
|6     |LUT4   |     9|
|7     |LUT5   |    18|
|8     |LUT6   |     7|
|9     |FDRE   |    20|
|10    |IBUF   |     8|
|11    |OBUF   |    16|
+------+-------+------+

Report Instance Areas: 
+------+------------+-------------------+------+
|      |Instance    |Module             |Cells |
+------+------------+-------------------+------+
|1     |top         |                   |    95|
|2     |  ssc       |sev_seg_controller |    54|
|3     |    counter |counter_n_bit      |    54|
+------+------------+-------------------+------+
---------------------------------------------------------------------------------
Finished Writing Synthesis Report : Time (s): cpu = 00:00:15 ; elapsed = 00:00:17 . Memory (MB): peak = 2014.109 ; gain = 392.062 ; free physical = 5069 ; free virtual = 11691
---------------------------------------------------------------------------------
Synthesis finished with 0 errors, 20 critical warnings and 1 warnings.
Synthesis Optimization Runtime : Time (s): cpu = 00:00:14 ; elapsed = 00:00:15 . Memory (MB): peak = 2014.109 ; gain = 214.375 ; free physical = 5117 ; free virtual = 11739
Synthesis Optimization Complete : Time (s): cpu = 00:00:15 ; elapsed = 00:00:18 . Memory (MB): peak = 2014.109 ; gain = 392.062 ; free physical = 5117 ; free virtual = 11739
INFO: [Project 1-571] Translating synthesized netlist
INFO: [Netlist 29-17] Analyzing 5 Unisim elements for replacement
INFO: [Netlist 29-28] Unisim Transformation completed in 0 CPU seconds
INFO: [Project 1-570] Preparing netlist for logic optimization
INFO: [Opt 31-138] Pushed 0 inverter(s) to 0 load pin(s).
Netlist sorting complete. Time (s): cpu = 00:00:00 ; elapsed = 00:00:00 . Memory (MB): peak = 2014.109 ; gain = 0.000 ; free physical = 5060 ; free virtual = 11682
INFO: [Project 1-111] Unisim Transformation Summary:
No Unisim elements were transformed.

INFO: [Common 17-83] Releasing license: Synthesis
30 Infos, 13 Warnings, 21 Critical Warnings and 0 Errors encountered.
synth_design completed successfully
synth_design: Time (s): cpu = 00:00:20 ; elapsed = 00:00:21 . Memory (MB): peak = 2014.109 ; gain = 631.945 ; free physical = 5086 ; free virtual = 11708
Netlist sorting complete. Time (s): cpu = 00:00:00 ; elapsed = 00:00:00 . Memory (MB): peak = 2014.109 ; gain = 0.000 ; free physical = 5086 ; free virtual = 11708
WARNING: [Constraints 18-5210] No constraints selected for write.
Resolution: This message can indicate that there are no constraints for the design, or it can indicate that the used_in flags are set such that the constraints are ignored. This later case is used when running synth_design to not write synthesis constraints to the resulting checkpoint. Instead, project constraints are read when the synthesized design is opened.
INFO: [Common 17-1381] The checkpoint '/home/it/Desktop/Chapter2/Lab3/project_9/project_9.runs/synth_1/sev_seg_top.dcp' has been generated.
INFO: [runtcl-4] Executing : report_utilization -file sev_seg_top_utilization_synth.rpt -pb sev_seg_top_utilization_synth.pb
INFO: [Common 17-206] Exiting Vivado at Mon Nov 18 15:37:40 2024...
